<?xml version="1.0" encoding="UTF-8"?>
<testsuite errors="0" failures="0" hostname="Tony-PC" name="test.ManagerTest" tests="5" time="0.012" timestamp="2012-12-21T15:29:08">
  <properties />
  <testcase classname="test.ManagerTest" name="testPrintInfo" time="0.002" />
  <testcase classname="test.ManagerTest" name="testCarOut2" time="0.002" />
  <testcase classname="test.ManagerTest" name="testCarOut1" time="0.001" />
  <testcase classname="test.ManagerTest" name="testCarIn2" time="0.002" />
  <testcase classname="test.ManagerTest" name="testCarIn" time="0.0" />
  <system-out><![CDATA[-----------------------停车场经理查看停车仔和停车场信息---------------------------
停车仔编号：S001
	停车场编号：P001
		车位数：30
		空位数：26
	停车场编号：P002
		车位数：50
		空位数：40
	停车场编号：P003
		车位数：70
		空位数：58
	Total车位数：150
	Total空位数：124
停车仔编号：S002
	停车场编号：P004
		车位数：100
		空位数：75
	停车场编号：P005
		车位数：85
		空位数：85
	Total车位数：185
	Total空位数：160
停车场编号：P006
	车位数：45
	空位数：40
停车场编号：P007
	车位数：200
	空位数：153
Total车位数：580
Total空位数：477
]]></system-out>
  <system-err><![CDATA[]]></system-err>
</testsuite>
